<?xml version="1.0" encoding="UTF-8"?>
<!-- Generated by org.testng.reporters.JUnitReportReporter -->
<testsuite hostname="LAPTOP-JBP3QINT" failures="0" tests="1" name="org.testng.ClassA" time="11.107" errors="0" timestamp="2022-01-08T13:09:07 IST" skipped="0">
  <testcase classname="org.testng.ClassA" name="chromeBrowser" time="11.107"/>
  <system-out/>
</testsuite> <!-- org.testng.ClassA -->
